<?xml version="1.0" encoding="UTF-8"?>
<!-- Generated by org.testng.reporters.JUnitReportReporter -->
<testsuite skipped="0" hostname="N273" name="com.Visionart.negativetestcase.MyAccount" tests="1" failures="0" timestamp="25 Apr 2019 14:09:33 GMT" time="64.972" errors="0">
  <testcase name="order" time="64.972" classname="com.Visionart.negativetestcase.MyAccount"/>
</testsuite> <!-- com.Visionart.negativetestcase.MyAccount -->
